<?xml version="1.0" encoding="UTF-8"?>
<!-- Generated by org.testng.reporters.JUnitXMLReporter -->
<testsuite hostname="LAPTOP-KNOK9DFK" name="Test" tests="1" failures="1" timestamp="9 Dec 2018 22:15:14 GMT" time="25.984" errors="0">
  <testcase name="runCukes" time="25.963" classname="runner.runCuke">
    <failure type="cucumber.runtime.CucumberException" message="java.lang.AssertionError: expected [false] but found [true]">
      <![CDATA[cucumber.runtime.CucumberException: java.lang.AssertionError: expected [false] but found [true]
	at cucumber.api.testng.TestNGCucumberRunner.runCukes(TestNGCucumberRunner.java:57)
	at runner.runCuke.runCukes(runCuke.java:28)
Caused by: java.lang.AssertionError: expected [false] but found [true]
	at steps.StatravelTourPageSteps.i_click_on_View_More_button_on_the_page_to_display_more_or_all_results(StatravelTourPageSteps.java:114)
	at âœ½.And I click on View More button on the page to display more or all results(src/test/resources/features/staTravelTourPage.feature:10)
... Removed 28 stack frames]]>
    </failure>
  </testcase> <!-- runCukes -->
</testsuite> <!-- Test -->
